<?xml version="1.0" encoding="UTF-8"?>
<testsuite name="com.QuantityMeasurement.QuantityMeasurementTest" tests="1" skipped="0" failures="0" errors="0" timestamp="2020-08-31T17:11:11" hostname="poonia-Lenovo-Z50-70" time="0.001">
  <properties/>
  <testcase name="givenLength_whenSame_ResultTrue" classname="com.QuantityMeasurement.QuantityMeasurementTest" time="0.001"/>
  <system-out><![CDATA[]]></system-out>
  <system-err><![CDATA[]]></system-err>
</testsuite>
